<?xml version="1.0" encoding="UTF-8"?>
<testsuite xmlns:xsi="http://www.w3.org/2001/XMLSchema-instance" xsi:noNamespaceSchemaLocation="https://maven.apache.org/surefire/maven-surefire-plugin/xsd/surefire-test-report-3.0.xsd" version="3.0" name="com.mcp.cicd.CicdMcpServerTest" time="0.972" tests="3" errors="0" skipped="0" failures="0">
  <properties>
[...]
</properties>
  <testcase name="testWorkflowOperations" classname="com.mcp.cicd.CicdMcpServerTest" time="0.033"/>
  <testcase name="testServerInitialization" classname="com.mcp.cicd.CicdMcpServerTest" time="0.897">
    <system-err><![CDATA[CI/CD MCP Server initialized
]]></system-err>
  </testcase>
  <testcase name="testHealthCheck" classname="com.mcp.cicd.CicdMcpServerTest" time="0.002">
    <system-err><![CDATA[CI/CD MCP Server initialized
]]></system-err>
  </testcase>
</testsuite>